2021-02-04 14:01:10.505  INFO 269348 --- [main] p.a.c.CocktailVibeApplication            : Starting CocktailVibeApplication using Java 15.0.1 on garfeello-GL702VM with PID 269348 (/home/garfeello/Desktop/projektyKamil/Projekty/Cocktail-Vibe/target/classes started by garfeello in /home/garfeello/Desktop/projektyKamil/Projekty/Cocktail-Vibe)
2021-02-04 14:01:10.508  INFO 269348 --- [main] p.a.c.CocktailVibeApplication            : No active profile set, falling back to default profiles: default
2021-02-04 14:01:11.130  INFO 269348 --- [main] .s.d.r.c.RepositoryConfigurationDelegate : Bootstrapping Spring Data JPA repositories in DEFAULT mode.
2021-02-04 14:01:11.178  INFO 269348 --- [main] .s.d.r.c.RepositoryConfigurationDelegate : Finished Spring Data repository scanning in 41 ms. Found 5 JPA repository interfaces.
2021-02-04 14:01:11.490  INFO 269348 --- [main] o.s.b.w.embedded.tomcat.TomcatWebServer  : Tomcat initialized with port(s): 8080 (http)
2021-02-04 14:01:11.496  INFO 269348 --- [main] o.apache.catalina.core.StandardService   : Starting service [Tomcat]
2021-02-04 14:01:11.496  INFO 269348 --- [main] org.apache.catalina.core.StandardEngine  : Starting Servlet engine: [Apache Tomcat/9.0.41]
2021-02-04 14:01:11.675  INFO 269348 --- [main] org.apache.jasper.servlet.TldScanner     : At least one JAR was scanned for TLDs yet contained no TLDs. Enable debug logging for this logger for a complete list of JARs that were scanned but no TLDs were found in them. Skipping unneeded JARs during scanning can improve startup time and JSP compilation time.
2021-02-04 14:01:11.681  INFO 269348 --- [main] o.a.c.c.C.[Tomcat].[localhost].[/]       : Initializing Spring embedded WebApplicationContext
2021-02-04 14:01:11.681  INFO 269348 --- [main] w.s.c.ServletWebServerApplicationContext : Root WebApplicationContext: initialization completed in 1124 ms
2021-02-04 14:01:11.782  INFO 269348 --- [main] o.hibernate.jpa.internal.util.LogHelper  : HHH000204: Processing PersistenceUnitInfo [name: default]
2021-02-04 14:01:11.803  INFO 269348 --- [main] org.hibernate.Version                    : HHH000412: Hibernate ORM core version 5.4.25.Final
2021-02-04 14:01:11.863  INFO 269348 --- [main] o.hibernate.annotations.common.Version   : HCANN000001: Hibernate Commons Annotations {5.1.2.Final}
2021-02-04 14:01:11.912  INFO 269348 --- [main] com.zaxxer.hikari.HikariDataSource       : HikariPool-1 - Starting...
2021-02-04 14:01:12.006  INFO 269348 --- [main] com.zaxxer.hikari.HikariDataSource       : HikariPool-1 - Start completed.
2021-02-04 14:01:12.013  INFO 269348 --- [main] org.hibernate.dialect.Dialect            : HHH000400: Using dialect: org.hibernate.dialect.MySQL5InnoDBDialect
2021-02-04 14:01:12.475  INFO 269348 --- [main] o.h.e.t.j.p.i.JtaPlatformInitiator       : HHH000490: Using JtaPlatform implementation: [org.hibernate.engine.transaction.jta.platform.internal.NoJtaPlatform]
2021-02-04 14:01:12.479  INFO 269348 --- [main] j.LocalContainerEntityManagerFactoryBean : Initialized JPA EntityManagerFactory for persistence unit 'default'
2021-02-04 14:01:12.817  WARN 269348 --- [main] JpaBaseConfiguration$JpaWebConfiguration : spring.jpa.open-in-view is enabled by default. Therefore, database queries may be performed during view rendering. Explicitly configure spring.jpa.open-in-view to disable this warning
2021-02-04 14:01:12.908  INFO 269348 --- [main] o.s.s.web.DefaultSecurityFilterChain     : Will secure any request with [org.springframework.security.web.context.request.async.WebAsyncManagerIntegrationFilter@2dbcee03, org.springframework.security.web.context.SecurityContextPersistenceFilter@3e1897d, org.springframework.security.web.header.HeaderWriterFilter@1d0f7bcf, org.springframework.security.web.authentication.logout.LogoutFilter@5dbc4598, org.springframework.security.web.authentication.UsernamePasswordAuthenticationFilter@351be56b, org.springframework.security.web.savedrequest.RequestCacheAwareFilter@2079fcfc, org.springframework.security.web.servletapi.SecurityContextHolderAwareRequestFilter@19e5e110, org.springframework.security.web.authentication.AnonymousAuthenticationFilter@6c8672b9, org.springframework.security.web.session.SessionManagementFilter@1978b0d5, org.springframework.security.web.access.ExceptionTranslationFilter@1aef7428, org.springframework.security.web.access.intercept.FilterSecurityInterceptor@25e8a111]
2021-02-04 14:01:12.956  INFO 269348 --- [main] o.s.s.concurrent.ThreadPoolTaskExecutor  : Initializing ExecutorService 'applicationTaskExecutor'
2021-02-04 14:01:13.111  INFO 269348 --- [main] o.s.b.w.embedded.tomcat.TomcatWebServer  : Tomcat started on port(s): 8080 (http) with context path ''
2021-02-04 14:01:13.119  INFO 269348 --- [main] p.a.c.CocktailVibeApplication            : Started CocktailVibeApplication in 2.921 seconds (JVM running for 3.426)
2021-02-04 14:19:55.251  INFO 269348 --- [SpringContextShutdownHook] o.s.s.concurrent.ThreadPoolTaskExecutor  : Shutting down ExecutorService 'applicationTaskExecutor'
2021-02-04 14:19:55.253  INFO 269348 --- [SpringContextShutdownHook] j.LocalContainerEntityManagerFactoryBean : Closing JPA EntityManagerFactory for persistence unit 'default'
2021-02-04 14:19:55.255  INFO 269348 --- [SpringContextShutdownHook] com.zaxxer.hikari.HikariDataSource       : HikariPool-1 - Shutdown initiated...
2021-02-04 14:19:55.258  INFO 269348 --- [SpringContextShutdownHook] com.zaxxer.hikari.HikariDataSource       : HikariPool-1 - Shutdown completed.
2021-02-04 14:19:59.133  INFO 302371 --- [main] p.a.c.CocktailVibeApplication            : Starting CocktailVibeApplication using Java 15.0.1 on garfeello-GL702VM with PID 302371 (/home/garfeello/Desktop/projektyKamil/Projekty/Cocktail-Vibe/target/classes started by garfeello in /home/garfeello/Desktop/projektyKamil/Projekty/Cocktail-Vibe)
2021-02-04 14:19:59.135  INFO 302371 --- [main] p.a.c.CocktailVibeApplication            : No active profile set, falling back to default profiles: default
2021-02-04 14:19:59.769  INFO 302371 --- [main] .s.d.r.c.RepositoryConfigurationDelegate : Bootstrapping Spring Data JPA repositories in DEFAULT mode.
2021-02-04 14:19:59.813  INFO 302371 --- [main] .s.d.r.c.RepositoryConfigurationDelegate : Finished Spring Data repository scanning in 36 ms. Found 5 JPA repository interfaces.
2021-02-04 14:20:00.126  INFO 302371 --- [main] o.s.b.w.embedded.tomcat.TomcatWebServer  : Tomcat initialized with port(s): 8080 (http)
2021-02-04 14:20:00.132  INFO 302371 --- [main] o.apache.catalina.core.StandardService   : Starting service [Tomcat]
2021-02-04 14:20:00.132  INFO 302371 --- [main] org.apache.catalina.core.StandardEngine  : Starting Servlet engine: [Apache Tomcat/9.0.41]
2021-02-04 14:20:00.293  INFO 302371 --- [main] org.apache.jasper.servlet.TldScanner     : At least one JAR was scanned for TLDs yet contained no TLDs. Enable debug logging for this logger for a complete list of JARs that were scanned but no TLDs were found in them. Skipping unneeded JARs during scanning can improve startup time and JSP compilation time.
2021-02-04 14:20:00.299  INFO 302371 --- [main] o.a.c.c.C.[Tomcat].[localhost].[/]       : Initializing Spring embedded WebApplicationContext
2021-02-04 14:20:00.299  INFO 302371 --- [main] w.s.c.ServletWebServerApplicationContext : Root WebApplicationContext: initialization completed in 1125 ms
2021-02-04 14:20:00.386  INFO 302371 --- [main] o.hibernate.jpa.internal.util.LogHelper  : HHH000204: Processing PersistenceUnitInfo [name: default]
2021-02-04 14:20:00.405  INFO 302371 --- [main] org.hibernate.Version                    : HHH000412: Hibernate ORM core version 5.4.25.Final
2021-02-04 14:20:00.458  INFO 302371 --- [main] o.hibernate.annotations.common.Version   : HCANN000001: Hibernate Commons Annotations {5.1.2.Final}
2021-02-04 14:20:00.500  INFO 302371 --- [main] com.zaxxer.hikari.HikariDataSource       : HikariPool-1 - Starting...
2021-02-04 14:20:00.585  INFO 302371 --- [main] com.zaxxer.hikari.HikariDataSource       : HikariPool-1 - Start completed.
2021-02-04 14:20:00.592  INFO 302371 --- [main] org.hibernate.dialect.Dialect            : HHH000400: Using dialect: org.hibernate.dialect.MySQL5InnoDBDialect
2021-02-04 14:20:01.055  INFO 302371 --- [main] o.h.e.t.j.p.i.JtaPlatformInitiator       : HHH000490: Using JtaPlatform implementation: [org.hibernate.engine.transaction.jta.platform.internal.NoJtaPlatform]
2021-02-04 14:20:01.059  INFO 302371 --- [main] j.LocalContainerEntityManagerFactoryBean : Initialized JPA EntityManagerFactory for persistence unit 'default'
2021-02-04 14:20:01.413  WARN 302371 --- [main] JpaBaseConfiguration$JpaWebConfiguration : spring.jpa.open-in-view is enabled by default. Therefore, database queries may be performed during view rendering. Explicitly configure spring.jpa.open-in-view to disable this warning
2021-02-04 14:20:01.500  INFO 302371 --- [main] o.s.s.web.DefaultSecurityFilterChain     : Will secure any request with [org.springframework.security.web.context.request.async.WebAsyncManagerIntegrationFilter@7e514482, org.springframework.security.web.context.SecurityContextPersistenceFilter@753e4eb5, org.springframework.security.web.header.HeaderWriterFilter@5cb76070, org.springframework.security.web.authentication.logout.LogoutFilter@432448, org.springframework.security.web.authentication.UsernamePasswordAuthenticationFilter@6cd6698b, org.springframework.security.web.savedrequest.RequestCacheAwareFilter@63318b56, org.springframework.security.web.servletapi.SecurityContextHolderAwareRequestFilter@6cf3b3d7, org.springframework.security.web.authentication.AnonymousAuthenticationFilter@1e5e3147, org.springframework.security.web.session.SessionManagementFilter@443ac5b8, org.springframework.security.web.access.ExceptionTranslationFilter@7cdb05aa, org.springframework.security.web.access.intercept.FilterSecurityInterceptor@2dbcee03]
2021-02-04 14:20:01.548  INFO 302371 --- [main] o.s.s.concurrent.ThreadPoolTaskExecutor  : Initializing ExecutorService 'applicationTaskExecutor'
2021-02-04 14:20:01.700  INFO 302371 --- [main] o.s.b.w.embedded.tomcat.TomcatWebServer  : Tomcat started on port(s): 8080 (http) with context path ''
2021-02-04 14:20:01.708  INFO 302371 --- [main] p.a.c.CocktailVibeApplication            : Started CocktailVibeApplication in 2.863 seconds (JVM running for 3.346)
